<?xml version="1.0" encoding="UTF-8"?>
<!-- Generated by org.testng.reporters.JUnitReportReporter -->
<testsuite hostname="DESKTOP-3OONJHS" failures="0" tests="4" name="dataBaseProject.DataTestMySQL" time="0.074" errors="0" timestamp="2024-09-20T03:08:48 AST" skipped="3">
  <testcase classname="dataBaseProject.DataTestMySQL" name="readData" time="0.074"/>
  <system-out/>
  <testcase classname="dataBaseProject.DataTestMySQL" name="addData">
    <skipped/>
  </testcase> <!-- addData -->
  <system-out/>
  <testcase classname="dataBaseProject.DataTestMySQL" name="deleteData">
    <skipped/>
  </testcase> <!-- deleteData -->
  <system-out/>
  <testcase classname="dataBaseProject.DataTestMySQL" name="updateData">
    <skipped/>
  </testcase> <!-- updateData -->
  <system-out/>
</testsuite> <!-- dataBaseProject.DataTestMySQL -->
